<?xml version="1.0" encoding="UTF-8"?>
<!-- Generated by org.testng.reporters.JUnitXMLReporter -->
<testsuite hostname="DIN51003560" ignored="0" name="Test" tests="3" failures="0" timestamp="08 Jul 2019 10:53:43 GMT" time="31.153" errors="0">
  <testcase name="registrationPageTest" time="1.392" classname="com.qa.mercuryTool.TestCases.RegistrationPageTest"/>
  <testcase name="homePageTest" time="0.039" classname="com.qa.mercuryTool.TestCases.HomepageTest"/>
  <testcase name="goRegistrationPageTest" time="1.097" classname="com.qa.mercuryTool.TestCases.HomepageTest"/>
</testsuite> <!-- Test -->
