<?xml version="1.0" encoding="UTF-8"?>
<!-- Generated by org.testng.reporters.JUnitXMLReporter -->
<testsuite hostname="DIN51003560" ignored="0" name="Test" tests="3" failures="0" timestamp="03 Jul 2019 10:27:22 GMT" time="27.245" errors="0">
  <testcase name="registrationPageTest" time="1.456" classname="com.qa.mercuryTool.TestCases.RegistrationPageTest"/>
  <testcase name="homePageTest" time="0.042" classname="com.qa.mercuryTool.TestCases.HomepageTest"/>
  <testcase name="goRegistrationPageTest" time="1.041" classname="com.qa.mercuryTool.TestCases.HomepageTest"/>
</testsuite> <!-- Test -->
