<?xml version="1.0" encoding="UTF-8"?>
<testng-results skipped="0" failed="0" ignored="0" total="3" passed="3">
  <reporter-output>
  </reporter-output>
  <suite name="Suite" duration-ms="31153" started-at="2019-07-08T10:53:11Z" finished-at="2019-07-08T10:53:42Z">
    <groups>
    </groups>
    <test name="Test" duration-ms="31153" started-at="2019-07-08T10:53:11Z" finished-at="2019-07-08T10:53:42Z">
      <class name="com.qa.mercuryTool.TestCases.HomepageTest">
        <test-method status="PASS" signature="setUp()[pri:0, instance:com.qa.mercuryTool.TestCases.HomepageTest@3ffc5af1]" name="setUp" is-config="true" duration-ms="6507" started-at="2019-07-08T16:23:22Z" finished-at="2019-07-08T16:23:28Z">
          <reporter-output>
          </reporter-output>
        </test-method> <!-- setUp -->
        <test-method status="PASS" signature="homePageTest()[pri:1, instance:com.qa.mercuryTool.TestCases.HomepageTest@3ffc5af1]" name="homePageTest" duration-ms="39" started-at="2019-07-08T16:23:28Z" finished-at="2019-07-08T16:23:29Z">
          <reporter-output>
          </reporter-output>
        </test-method> <!-- homePageTest -->
        <test-method status="PASS" signature="tearDown()[pri:0, instance:com.qa.mercuryTool.TestCases.HomepageTest@3ffc5af1]" name="tearDown" is-config="true" duration-ms="1350" started-at="2019-07-08T16:23:29Z" finished-at="2019-07-08T16:23:30Z">
          <reporter-output>
          </reporter-output>
        </test-method> <!-- tearDown -->
        <test-method status="PASS" signature="setUp()[pri:0, instance:com.qa.mercuryTool.TestCases.HomepageTest@3ffc5af1]" name="setUp" is-config="true" duration-ms="10211" started-at="2019-07-08T16:23:30Z" finished-at="2019-07-08T16:23:40Z">
          <reporter-output>
          </reporter-output>
        </test-method> <!-- setUp -->
        <test-method status="PASS" signature="goRegistrationPageTest()[pri:2, instance:com.qa.mercuryTool.TestCases.HomepageTest@3ffc5af1]" name="goRegistrationPageTest" duration-ms="1097" started-at="2019-07-08T16:23:40Z" finished-at="2019-07-08T16:23:41Z">
          <reporter-output>
          </reporter-output>
        </test-method> <!-- goRegistrationPageTest -->
        <test-method status="PASS" signature="tearDown()[pri:0, instance:com.qa.mercuryTool.TestCases.HomepageTest@3ffc5af1]" name="tearDown" is-config="true" duration-ms="1318" started-at="2019-07-08T16:23:41Z" finished-at="2019-07-08T16:23:42Z">
          <reporter-output>
          </reporter-output>
        </test-method> <!-- tearDown -->
      </class> <!-- com.qa.mercuryTool.TestCases.HomepageTest -->
      <class name="com.qa.mercuryTool.TestCases.RegistrationPageTest">
        <test-method status="PASS" signature="setUp()[pri:0, instance:com.qa.mercuryTool.TestCases.RegistrationPageTest@5e5792a0]" name="setUp" is-config="true" duration-ms="7742" started-at="2019-07-08T16:23:11Z" finished-at="2019-07-08T16:23:19Z">
          <reporter-output>
          </reporter-output>
        </test-method> <!-- setUp -->
        <test-method status="PASS" signature="registrationPageTest()[pri:0, instance:com.qa.mercuryTool.TestCases.RegistrationPageTest@5e5792a0]" name="registrationPageTest" duration-ms="1392" started-at="2019-07-08T16:23:19Z" finished-at="2019-07-08T16:23:20Z">
          <reporter-output>
          </reporter-output>
        </test-method> <!-- registrationPageTest -->
        <test-method status="PASS" signature="tearDown()[pri:0, instance:com.qa.mercuryTool.TestCases.RegistrationPageTest@5e5792a0]" name="tearDown" is-config="true" duration-ms="1478" started-at="2019-07-08T16:23:20Z" finished-at="2019-07-08T16:23:22Z">
          <reporter-output>
          </reporter-output>
        </test-method> <!-- tearDown -->
      </class> <!-- com.qa.mercuryTool.TestCases.RegistrationPageTest -->
    </test> <!-- Test -->
  </suite> <!-- Suite -->
</testng-results>
