<?xml version="1.0" encoding="UTF-8"?>
<testng-results skipped="0" failed="0" ignored="0" total="3" passed="3">
  <reporter-output>
  </reporter-output>
  <suite name="Suite" duration-ms="27245" started-at="2019-07-03T10:26:54Z" finished-at="2019-07-03T10:27:22Z">
    <groups>
    </groups>
    <test name="Test" duration-ms="27245" started-at="2019-07-03T10:26:54Z" finished-at="2019-07-03T10:27:22Z">
      <class name="com.qa.mercuryTool.TestCases.HomepageTest">
        <test-method status="PASS" signature="setUp()[pri:0, instance:com.qa.mercuryTool.TestCases.HomepageTest@c038203]" name="setUp" is-config="true" duration-ms="6258" started-at="2019-07-03T15:57:05Z" finished-at="2019-07-03T15:57:11Z">
          <reporter-output>
          </reporter-output>
        </test-method> <!-- setUp -->
        <test-method status="PASS" signature="homePageTest()[pri:1, instance:com.qa.mercuryTool.TestCases.HomepageTest@c038203]" name="homePageTest" duration-ms="42" started-at="2019-07-03T15:57:11Z" finished-at="2019-07-03T15:57:11Z">
          <reporter-output>
          </reporter-output>
        </test-method> <!-- homePageTest -->
        <test-method status="PASS" signature="tearDown()[pri:0, instance:com.qa.mercuryTool.TestCases.HomepageTest@c038203]" name="tearDown" is-config="true" duration-ms="1241" started-at="2019-07-03T15:57:11Z" finished-at="2019-07-03T15:57:12Z">
          <reporter-output>
          </reporter-output>
        </test-method> <!-- tearDown -->
        <test-method status="PASS" signature="setUp()[pri:0, instance:com.qa.mercuryTool.TestCases.HomepageTest@c038203]" name="setUp" is-config="true" duration-ms="6770" started-at="2019-07-03T15:57:12Z" finished-at="2019-07-03T15:57:19Z">
          <reporter-output>
          </reporter-output>
        </test-method> <!-- setUp -->
        <test-method status="PASS" signature="goRegistrationPageTest()[pri:2, instance:com.qa.mercuryTool.TestCases.HomepageTest@c038203]" name="goRegistrationPageTest" duration-ms="1041" started-at="2019-07-03T15:57:19Z" finished-at="2019-07-03T15:57:20Z">
          <reporter-output>
          </reporter-output>
        </test-method> <!-- goRegistrationPageTest -->
        <test-method status="PASS" signature="tearDown()[pri:0, instance:com.qa.mercuryTool.TestCases.HomepageTest@c038203]" name="tearDown" is-config="true" duration-ms="1313" started-at="2019-07-03T15:57:20Z" finished-at="2019-07-03T15:57:22Z">
          <reporter-output>
          </reporter-output>
        </test-method> <!-- tearDown -->
      </class> <!-- com.qa.mercuryTool.TestCases.HomepageTest -->
      <class name="com.qa.mercuryTool.TestCases.RegistrationPageTest">
        <test-method status="PASS" signature="setUp()[pri:0, instance:com.qa.mercuryTool.TestCases.RegistrationPageTest@cc285f4]" name="setUp" is-config="true" duration-ms="7747" started-at="2019-07-03T15:56:54Z" finished-at="2019-07-03T15:57:02Z">
          <reporter-output>
          </reporter-output>
        </test-method> <!-- setUp -->
        <test-method status="PASS" signature="registrationPageTest()[pri:0, instance:com.qa.mercuryTool.TestCases.RegistrationPageTest@cc285f4]" name="registrationPageTest" duration-ms="1456" started-at="2019-07-03T15:57:02Z" finished-at="2019-07-03T15:57:04Z">
          <reporter-output>
          </reporter-output>
        </test-method> <!-- registrationPageTest -->
        <test-method status="PASS" signature="tearDown()[pri:0, instance:com.qa.mercuryTool.TestCases.RegistrationPageTest@cc285f4]" name="tearDown" is-config="true" duration-ms="1359" started-at="2019-07-03T15:57:04Z" finished-at="2019-07-03T15:57:05Z">
          <reporter-output>
          </reporter-output>
        </test-method> <!-- tearDown -->
      </class> <!-- com.qa.mercuryTool.TestCases.RegistrationPageTest -->
    </test> <!-- Test -->
  </suite> <!-- Suite -->
</testng-results>
